{"message":"[mb:2828] mountebank v2.4.0 now taking orders - point your browser to http://localhost:2828/ for help","level":"info","timestamp":"2021-04-02T03:31:42.473Z"}
{"message":"[mb:2828] PUT /imposters","level":"info","timestamp":"2021-04-02T03:31:42.598Z"}
{"message":"[http:4646 proto] Open for business...","level":"info","timestamp":"2021-04-02T03:31:42.721Z"}
{"message":"[http:4646 proto] ::1:60645 => DELETE /auth/v1.0/config/user/4","level":"info","timestamp":"2021-04-02T03:32:50.325Z"}
{"message":"[http:4646 proto] ::1:60923 => GET /auth/v1.0/config/users","level":"info","timestamp":"2021-04-02T03:38:44.698Z"}
{"message":"[http:4646 proto] ::1:61012 => GET /auth/v1.0/config/users","level":"info","timestamp":"2021-04-02T03:40:13.766Z"}
{"message":"[http:4646 proto] ::1:61118 => GET /auth/v1.0/config/users","level":"info","timestamp":"2021-04-02T03:41:21.920Z"}
{"message":"[http:4646 proto] ::1:61121 => DELETE /auth/v1.0/config/user/undefined","level":"info","timestamp":"2021-04-02T03:41:25.047Z"}
{"message":"[http:4646 proto] ::1:61153 => GET /auth/v1.0/config/users","level":"info","timestamp":"2021-04-02T03:41:47.620Z"}
{"message":"[http:4646 proto] ::1:61155 => DELETE /auth/v1.0/config/user/undefined","level":"info","timestamp":"2021-04-02T03:41:49.755Z"}
{"message":"[http:4646 proto] ::1:61248 => GET /auth/v1.0/config/users","level":"info","timestamp":"2021-04-02T03:43:19.878Z"}
{"message":"[http:4646 proto] ::1:61250 => DELETE /auth/v1.0/config/user/undefined","level":"info","timestamp":"2021-04-02T03:43:22.166Z"}
{"message":"[http:4646 proto] ::1:61279 => GET /auth/v1.0/config/users","level":"info","timestamp":"2021-04-02T03:43:40.043Z"}
{"message":"[http:4646 proto] ::1:61282 => DELETE /auth/v1.0/config/user/","level":"info","timestamp":"2021-04-02T03:43:41.933Z"}
{"message":"[http:4646 proto] ::1:61329 => GET /auth/v1.0/config/users","level":"info","timestamp":"2021-04-02T03:44:12.242Z"}
{"message":"[http:4646 proto] ::1:61374 => GET /auth/v1.0/config/users","level":"info","timestamp":"2021-04-02T03:44:54.083Z"}
{"message":"[http:4646 proto] ::1:61397 => GET /auth/v1.0/config/users","level":"info","timestamp":"2021-04-02T03:45:09.295Z"}
{"message":"[http:4646 proto] ::1:61491 => GET /auth/v1.0/config/users","level":"info","timestamp":"2021-04-02T03:46:57.919Z"}
{"message":"[http:4646 proto] ::1:61623 => GET /auth/v1.0/config/users","level":"info","timestamp":"2021-04-02T03:49:43.586Z"}
{"message":"[http:4646 proto] ::1:61626 => DELETE /auth/v1.0/config/user/","level":"info","timestamp":"2021-04-02T03:49:47.504Z"}
{"message":"[http:4646 proto] ::1:61652 => GET /auth/v1.0/config/users","level":"info","timestamp":"2021-04-02T03:50:08.182Z"}
{"message":"[http:4646 proto] ::1:61671 => GET /auth/v1.0/config/users","level":"info","timestamp":"2021-04-02T03:50:16.420Z"}
{"message":"[http:4646 proto] ::1:61819 => GET /auth/v1.0/config/users","level":"info","timestamp":"2021-04-02T03:52:06.573Z"}
{"message":"[http:4646 proto] ::1:62201 => GET /auth/v1.0/config/users","level":"info","timestamp":"2021-04-02T03:59:49.719Z"}
{"message":"[http:4646 proto] ::1:62266 => GET /auth/v1.0/config/users","level":"info","timestamp":"2021-04-02T04:00:56.627Z"}
{"message":"[http:4646 proto] ::1:62277 => DELETE /auth/v1.0/config/user/2","level":"info","timestamp":"2021-04-02T04:00:59.022Z"}
{"message":"[http:4646 proto] ::1:62715 => GET /auth/v1.0/config/users","level":"info","timestamp":"2021-04-02T04:08:55.591Z"}
{"message":"[http:4646 proto] ::1:62886 => DELETE /auth/v1.0/config/user/5","level":"info","timestamp":"2021-04-02T04:12:18.790Z"}
{"message":"[http:4646 proto] ::1:63247 => GET /auth/v1.0/config/users","level":"info","timestamp":"2021-04-02T04:17:40.574Z"}
{"message":"[http:4646 proto] ::1:63291 => GET /auth/v1.0/config/users","level":"info","timestamp":"2021-04-02T04:18:09.172Z"}
{"message":"[http:4646 proto] ::1:63466 => GET /auth/v1.0/config/users","level":"info","timestamp":"2021-04-02T04:20:52.262Z"}
{"message":"[http:4646 proto] ::1:63552 => GET /auth/v1.0/config/users","level":"info","timestamp":"2021-04-02T04:21:55.356Z"}
{"message":"[http:4646 proto] ::1:63555 => DELETE /auth/v1.0/config/user/2","level":"info","timestamp":"2021-04-02T04:21:57.422Z"}
{"message":"[http:4646 proto] ::1:63589 => GET /auth/v1.0/config/users","level":"info","timestamp":"2021-04-02T04:22:26.439Z"}
{"message":"[http:4646 proto] ::1:63597 => DELETE /auth/v1.0/config/user/undefined","level":"info","timestamp":"2021-04-02T04:22:32.872Z"}
{"message":"[http:4646 proto] ::1:63638 => GET /auth/v1.0/config/users","level":"info","timestamp":"2021-04-02T04:23:05.615Z"}
{"message":"[http:4646 proto] ::1:63657 => GET /auth/v1.0/config/users","level":"info","timestamp":"2021-04-02T04:23:17.801Z"}
{"message":"[http:4646 proto] ::1:63660 => DELETE /auth/v1.0/config/user/2","level":"info","timestamp":"2021-04-02T04:23:19.291Z"}
{"message":"[http:4646 proto] ::1:63674 => DELETE /auth/v1.0/config/user/undefined","level":"info","timestamp":"2021-04-02T04:23:35.267Z"}
{"message":"[http:4646 proto] ::1:63675 => DELETE /auth/v1.0/config/user/1","level":"info","timestamp":"2021-04-02T04:23:36.182Z"}
{"message":"[http:4646 proto] ::1:63697 => DELETE /auth/v1.0/config/user/2","level":"info","timestamp":"2021-04-02T04:24:02.559Z"}
{"message":"[http:4646 proto] ::1:63699 => DELETE /auth/v1.0/config/user/3","level":"info","timestamp":"2021-04-02T04:24:03.881Z"}
{"message":"[http:4646 proto] ::1:63704 => DELETE /auth/v1.0/config/user/4","level":"info","timestamp":"2021-04-02T04:24:05.242Z"}
{"message":"[http:4646 proto] ::1:63705 => DELETE /auth/v1.0/config/user/5","level":"info","timestamp":"2021-04-02T04:24:05.374Z"}
{"message":"[http:4646 proto] ::1:63706 => DELETE /auth/v1.0/config/user/1","level":"info","timestamp":"2021-04-02T04:24:05.983Z"}
{"message":"[http:4646 proto] ::1:63709 => DELETE /auth/v1.0/config/user/2","level":"info","timestamp":"2021-04-02T04:24:06.462Z"}
{"message":"[http:4646 proto] ::1:63710 => DELETE /auth/v1.0/config/user/4","level":"info","timestamp":"2021-04-02T04:24:07.471Z"}
{"message":"[http:4646 proto] ::1:63711 => DELETE /auth/v1.0/config/user/5","level":"info","timestamp":"2021-04-02T04:24:08.254Z"}
{"message":"[http:4646 proto] ::1:63714 => DELETE /auth/v1.0/config/user/4","level":"info","timestamp":"2021-04-02T04:24:08.614Z"}
{"message":"[http:4646 proto] ::1:63715 => DELETE /auth/v1.0/config/user/3","level":"info","timestamp":"2021-04-02T04:24:09.207Z"}
{"message":"[http:4646 proto] ::1:63729 => GET /auth/v1.0/config/users","level":"info","timestamp":"2021-04-02T04:24:12.043Z"}
{"message":"[http:4646 proto] ::1:63731 => DELETE /auth/v1.0/config/user/5","level":"info","timestamp":"2021-04-02T04:24:13.239Z"}
{"message":"[http:4646 proto] ::1:63733 => DELETE /auth/v1.0/config/user/undefined","level":"info","timestamp":"2021-04-02T04:24:15.469Z"}
{"message":"[http:4646 proto] ::1:63734 => DELETE /auth/v1.0/config/user/4","level":"info","timestamp":"2021-04-02T04:24:15.927Z"}
{"message":"[http:4646 proto] ::1:63735 => DELETE /auth/v1.0/config/user/4","level":"info","timestamp":"2021-04-02T04:24:16.647Z"}
{"message":"[http:4646 proto] ::1:63736 => DELETE /auth/v1.0/config/user/4","level":"info","timestamp":"2021-04-02T04:24:17.063Z"}
{"message":"[http:4646 proto] ::1:63737 => DELETE /auth/v1.0/config/user/4","level":"info","timestamp":"2021-04-02T04:24:17.214Z"}
{"message":"[http:4646 proto] ::1:63738 => DELETE /auth/v1.0/config/user/4","level":"info","timestamp":"2021-04-02T04:24:17.358Z"}
{"message":"[http:4646 proto] ::1:63740 => DELETE /auth/v1.0/config/user/4","level":"info","timestamp":"2021-04-02T04:24:17.791Z"}
{"message":"[http:4646 proto] ::1:63741 => DELETE /auth/v1.0/config/user/4","level":"info","timestamp":"2021-04-02T04:24:17.942Z"}
{"message":"[http:4646 proto] ::1:63742 => DELETE /auth/v1.0/config/user/4","level":"info","timestamp":"2021-04-02T04:24:18.094Z"}
{"message":"[http:4646 proto] ::1:63743 => DELETE /auth/v1.0/config/user/4","level":"info","timestamp":"2021-04-02T04:24:18.230Z"}
{"message":"[http:4646 proto] ::1:63744 => DELETE /auth/v1.0/config/user/4","level":"info","timestamp":"2021-04-02T04:24:18.366Z"}
{"message":"[http:4646 proto] ::1:49167 => GET /auth/v1.0/config/users","level":"info","timestamp":"2021-04-02T04:25:39.534Z"}
{"message":"[http:4646 proto] ::1:52910 => GET /auth/v1.0/config/users","level":"info","timestamp":"2021-04-02T04:39:15.238Z"}
{"message":"[http:4646 proto] ::1:53013 => GET /auth/v1.0/config/users","level":"info","timestamp":"2021-04-02T04:40:45.380Z"}
{"message":"[http:4646 proto] ::1:53016 => DELETE /auth/v1.0/config/user/3","level":"info","timestamp":"2021-04-02T04:40:47.199Z"}
{"message":"[http:4646 proto] ::1:53040 => DELETE /auth/v1.0/config/user/3","level":"info","timestamp":"2021-04-02T04:41:18.557Z"}
{"message":"[http:4646 proto] ::1:53090 => GET /auth/v1.0/config/users","level":"info","timestamp":"2021-04-02T04:42:07.855Z"}
{"message":"[http:4646 proto] ::1:53092 => DELETE /auth/v1.0/config/user/1","level":"info","timestamp":"2021-04-02T04:42:09.002Z"}
{"message":"[http:4646 proto] ::1:53095 => DELETE /auth/v1.0/config/user/1","level":"info","timestamp":"2021-04-02T04:42:09.738Z"}
{"message":"[http:4646 proto] ::1:53097 => DELETE /auth/v1.0/config/user/3","level":"info","timestamp":"2021-04-02T04:42:10.476Z"}
{"message":"[http:4646 proto] ::1:53098 => DELETE /auth/v1.0/config/user/5","level":"info","timestamp":"2021-04-02T04:42:11.194Z"}
{"message":"[http:4646 proto] ::1:53099 => DELETE /auth/v1.0/config/user/4","level":"info","timestamp":"2021-04-02T04:42:11.738Z"}
{"message":"[http:4646 proto] ::1:53100 => DELETE /auth/v1.0/config/user/3","level":"info","timestamp":"2021-04-02T04:42:12.099Z"}
{"message":"[http:4646 proto] ::1:53102 => DELETE /auth/v1.0/config/user/2","level":"info","timestamp":"2021-04-02T04:42:12.506Z"}
{"message":"[http:4646 proto] ::1:53231 => GET /auth/v1.0/config/users","level":"info","timestamp":"2021-04-02T04:44:38.712Z"}
{"message":"[http:4646 proto] ::1:53233 => DELETE /auth/v1.0/config/user/4","level":"info","timestamp":"2021-04-02T04:44:40.316Z"}
{"message":"[http:4646 proto] ::1:53274 => GET /auth/v1.0/config/users","level":"info","timestamp":"2021-04-02T04:45:16.597Z"}
{"message":"[http:4646 proto] ::1:53282 => DELETE /auth/v1.0/config/user/4","level":"info","timestamp":"2021-04-02T04:45:23.586Z"}
{"message":"[http:4646 proto] ::1:53313 => GET /auth/v1.0/config/users","level":"info","timestamp":"2021-04-02T04:45:49.595Z"}
{"message":"[http:4646 proto] ::1:53346 => GET /auth/v1.0/config/users","level":"info","timestamp":"2021-04-02T04:46:09.721Z"}
{"message":"[http:4646 proto] ::1:53408 => GET /auth/v1.0/config/users","level":"info","timestamp":"2021-04-02T04:46:56.665Z"}
{"message":"[http:4646 proto] ::1:53540 => GET /auth/v1.0/config/users","level":"info","timestamp":"2021-04-02T04:48:11.138Z"}
{"message":"[http:4646 proto] ::1:53563 => GET /auth/v1.0/config/users","level":"info","timestamp":"2021-04-02T04:48:30.259Z"}
{"message":"[http:4646 proto] ::1:53594 => GET /auth/v1.0/config/users","level":"info","timestamp":"2021-04-02T04:49:03.515Z"}
{"message":"[http:4646 proto] ::1:53615 => GET /auth/v1.0/config/users","level":"info","timestamp":"2021-04-02T04:49:12.870Z"}
{"message":"[http:4646 proto] ::1:53638 => GET /auth/v1.0/config/users","level":"info","timestamp":"2021-04-02T04:49:32.512Z"}
{"message":"[http:4646 proto] ::1:53653 => GET /auth/v1.0/config/users","level":"info","timestamp":"2021-04-02T04:49:42.817Z"}
{"message":"[http:4646 proto] ::1:53679 => GET /auth/v1.0/config/users","level":"info","timestamp":"2021-04-02T04:50:02.045Z"}
{"message":"[http:4646 proto] ::1:53779 => GET /auth/v1.0/config/users","level":"info","timestamp":"2021-04-02T04:51:55.879Z"}
{"message":"[http:4646 proto] ::1:53820 => GET /auth/v1.0/config/users","level":"info","timestamp":"2021-04-02T04:52:35.226Z"}
{"message":"[http:4646 proto] ::1:53850 => GET /auth/v1.0/config/users","level":"info","timestamp":"2021-04-02T04:53:01.985Z"}
{"message":"[http:4646 proto] ::1:53888 => GET /auth/v1.0/config/users","level":"info","timestamp":"2021-04-02T04:53:36.917Z"}
{"message":"[http:4646 proto] ::1:53997 => GET /auth/v1.0/config/users","level":"info","timestamp":"2021-04-02T04:55:52.514Z"}
{"message":"[http:4646 proto] ::1:54032 => GET /auth/v1.0/config/users","level":"info","timestamp":"2021-04-02T04:56:27.842Z"}
{"message":"[http:4646 proto] ::1:54222 => GET /auth/v1.0/config/users","level":"info","timestamp":"2021-04-02T04:59:15.604Z"}
{"message":"[http:4646 proto] ::1:54226 => DELETE /auth/v1.0/config/user/3","level":"info","timestamp":"2021-04-02T04:59:20.032Z"}
{"message":"[http:4646 proto] ::1:54284 => GET /auth/v1.0/config/users","level":"info","timestamp":"2021-04-02T05:00:25.375Z"}
{"message":"[http:4646 proto] ::1:54293 => GET /auth/v1.0/config/users","level":"info","timestamp":"2021-04-02T05:00:31.590Z"}
{"message":"[http:4646 proto] ::1:54302 => GET /auth/v1.0/config/users","level":"info","timestamp":"2021-04-02T05:00:34.503Z"}
{"message":"[http:4646 proto] ::1:54319 => GET /auth/v1.0/config/users","level":"info","timestamp":"2021-04-02T05:00:40.803Z"}
{"message":"[http:4646 proto] ::1:54357 => GET /auth/v1.0/config/users","level":"info","timestamp":"2021-04-02T05:01:22.832Z"}
{"message":"[http:4646 proto] ::1:54380 => GET /auth/v1.0/config/users","level":"info","timestamp":"2021-04-02T05:01:34.948Z"}
{"message":"[http:4646 proto] ::1:54384 => GET /auth/v1.0/config/users","level":"info","timestamp":"2021-04-02T05:01:37.470Z"}
{"message":"[http:4646 proto] ::1:54391 => GET /auth/v1.0/config/users","level":"info","timestamp":"2021-04-02T05:01:42.787Z"}
{"message":"[http:4646 proto] ::1:54419 => GET /auth/v1.0/config/users","level":"info","timestamp":"2021-04-02T05:02:12.247Z"}
{"message":"[http:4646 proto] ::1:54438 => GET /auth/v1.0/config/users","level":"info","timestamp":"2021-04-02T05:02:23.939Z"}
{"message":"[http:4646 proto] ::1:54538 => GET /auth/v1.0/config/users","level":"info","timestamp":"2021-04-02T05:04:18.089Z"}
{"message":"[http:4646 proto] ::1:54540 => DELETE /auth/v1.0/config/user/2","level":"info","timestamp":"2021-04-02T05:04:20.982Z"}
{"message":"[http:4646 proto] ::1:54541 => GET /auth/v1.0/config/users","level":"info","timestamp":"2021-04-02T05:04:21.009Z"}
{"message":"[http:4646 proto] ::1:54549 => GET /auth/v1.0/config/users","level":"info","timestamp":"2021-04-02T05:04:29.227Z"}
{"message":"[http:4646 proto] ::1:54710 => GET /auth/v1.0/config/users","level":"info","timestamp":"2021-04-02T05:09:43.288Z"}
{"message":"[http:4646 proto] ::1:54833 => GET /auth/v1.0/config/users","level":"info","timestamp":"2021-04-02T05:15:13.333Z"}
{"message":"[http:4646 proto] ::1:54840 => GET /auth/v1.0/config/users","level":"info","timestamp":"2021-04-02T05:15:24.350Z"}
{"message":"[http:4646 proto] ::1:54865 => GET /auth/v1.0/config/users","level":"info","timestamp":"2021-04-02T05:16:15.466Z"}
{"message":"[http:4646 proto] ::1:54866 => DELETE /auth/v1.0/config/user/3","level":"info","timestamp":"2021-04-02T05:16:17.844Z"}
{"message":"[http:4646 proto] ::1:54867 => GET /auth/v1.0/config/users","level":"info","timestamp":"2021-04-02T05:16:17.871Z"}
{"message":"[http:4646 proto] ::1:54871 => DELETE /auth/v1.0/config/user/3","level":"info","timestamp":"2021-04-02T05:16:25.517Z"}
{"message":"[http:4646 proto] ::1:54872 => GET /auth/v1.0/config/users","level":"info","timestamp":"2021-04-02T05:16:25.535Z"}
{"message":"[http:4646 proto] ::1:54887 => GET /auth/v1.0/config/users","level":"info","timestamp":"2021-04-02T05:16:45.928Z"}
{"message":"[http:4646 proto] ::1:54897 => GET /auth/v1.0/config/users","level":"info","timestamp":"2021-04-02T05:16:59.566Z"}
{"message":"[http:4646 proto] ::1:54978 => GET /auth/v1.0/config/users","level":"info","timestamp":"2021-04-02T05:18:21.160Z"}
{"message":"[http:4646 proto] ::1:55102 => GET /auth/v1.0/config/users","level":"info","timestamp":"2021-04-02T05:19:50.744Z"}
{"message":"[http:4646 proto] ::1:55128 => GET /auth/v1.0/config/users","level":"info","timestamp":"2021-04-02T05:20:08.048Z"}
{"message":"[http:4646 proto] ::1:55189 => GET /auth/v1.0/config/users","level":"info","timestamp":"2021-04-02T05:21:12.924Z"}
{"message":"[http:4646 proto] ::1:55260 => GET /auth/v1.0/config/users","level":"info","timestamp":"2021-04-02T05:22:33.697Z"}
{"message":"[http:4646 proto] ::1:55279 => GET /auth/v1.0/config/users","level":"info","timestamp":"2021-04-02T05:22:55.896Z"}
{"message":"[http:4646 proto] ::1:55286 => GET /auth/v1.0/config/users","level":"info","timestamp":"2021-04-02T05:23:03.465Z"}
{"message":"[http:4646 proto] ::1:55324 => GET /auth/v1.0/config/users","level":"info","timestamp":"2021-04-02T05:23:34.085Z"}
{"message":"[http:4646 proto] ::1:55401 => GET /auth/v1.0/config/users","level":"info","timestamp":"2021-04-02T05:24:21.827Z"}
{"message":"[http:4646 proto] ::1:55444 => GET /auth/v1.0/config/users","level":"info","timestamp":"2021-04-02T05:25:09.846Z"}
{"message":"[http:4646 proto] ::1:55458 => DELETE /auth/v1.0/config/user/5","level":"info","timestamp":"2021-04-02T05:25:28.349Z"}
{"message":"[http:4646 proto] ::1:55459 => GET /auth/v1.0/config/users","level":"info","timestamp":"2021-04-02T05:25:28.363Z"}
{"message":"[http:4646 proto] ::1:55466 => GET /auth/v1.0/config/users","level":"info","timestamp":"2021-04-02T05:25:32.116Z"}
{"message":"[http:4646 proto] ::1:55517 => GET /auth/v1.0/config/users","level":"info","timestamp":"2021-04-02T05:26:46.703Z"}
{"message":"[http:4646 proto] ::1:55554 => GET /auth/v1.0/config/users","level":"info","timestamp":"2021-04-02T05:28:04.407Z"}
{"message":"[http:4646 proto] ::1:55555 => GET /auth/v1.0/config/users","level":"info","timestamp":"2021-04-02T05:28:07.023Z"}
{"message":"[http:4646 proto] ::1:55559 => DELETE /auth/v1.0/config/user/2","level":"info","timestamp":"2021-04-02T05:28:10.711Z"}
{"message":"[http:4646 proto] ::1:55560 => GET /auth/v1.0/config/users","level":"info","timestamp":"2021-04-02T05:28:10.738Z"}
{"message":"[http:4646 proto] ::1:55570 => GET /auth/v1.0/config/users","level":"info","timestamp":"2021-04-02T05:28:27.821Z"}
{"message":"[http:4646 proto] ::1:55572 => GET /auth/v1.0/config/users","level":"info","timestamp":"2021-04-02T05:28:32.775Z"}
{"message":"[http:4646 proto] ::1:55573 => GET /auth/v1.0/config/users","level":"info","timestamp":"2021-04-02T05:28:34.558Z"}
{"message":"[http:4646 proto] ::1:55575 => GET /auth/v1.0/config/users","level":"info","timestamp":"2021-04-02T05:28:38.415Z"}
{"message":"[http:4646 proto] ::1:55579 => GET /auth/v1.0/config/users","level":"info","timestamp":"2021-04-02T05:28:44.743Z"}
{"message":"[http:4646 proto] ::1:55594 => GET /auth/v1.0/config/users","level":"info","timestamp":"2021-04-02T05:28:55.884Z"}
{"message":"[http:4646 proto] ::1:55664 => GET /auth/v1.0/config/users","level":"info","timestamp":"2021-04-02T05:30:15.719Z"}
{"message":"[http:4646 proto] ::1:55698 => GET /auth/v1.0/config/users","level":"info","timestamp":"2021-04-02T05:31:46.565Z"}
{"message":"[http:4646 proto] ::1:52703 => GET /auth/v1.0/config/users","level":"info","timestamp":"2021-04-02T06:40:11.069Z"}
{"message":"[http:4646 proto] ::1:50899 => GET /auth/v1.0/config/users","level":"info","timestamp":"2021-04-02T07:03:31.553Z"}
