{"message":"[mb:2527] mountebank v2.4.0 now taking orders - point your browser to http://localhost:2527/ for help","level":"info","timestamp":"2021-03-30T05:06:40.707Z"}
{"message":"[mb:2527] PUT /imposters","level":"info","timestamp":"2021-03-30T05:06:41.509Z"}
{"message":"[http:4547 proto] Open for business...","level":"info","timestamp":"2021-03-30T05:06:41.879Z"}
{"message":"[http:4547 proto] ::1:49368 => OPTIONS /lm/v1.0/expiryStatus","level":"info","timestamp":"2021-03-30T05:06:41.978Z"}
{"message":"[http:4547 proto] ::ffff:127.0.0.1:49369 => OPTIONS /lm/v1.0/keys","level":"info","timestamp":"2021-03-30T05:06:42.175Z"}
{"message":"[http:4547 proto] ::ffff:127.0.0.1:49370 => OPTIONS /lm/v1.0/feature/licenses","level":"info","timestamp":"2021-03-30T05:06:42.177Z"}
{"message":"[http:4547 proto] ::1:49410 => OPTIONS /lm/v1.0/expiryStatus","level":"info","timestamp":"2021-03-30T05:07:00.220Z"}
{"message":"[http:4547 proto] ::1:49411 => OPTIONS /lm/v1.0/feature/licenses","level":"info","timestamp":"2021-03-30T05:07:00.223Z"}
{"message":"[http:4547 proto] ::1:49412 => OPTIONS /lm/v1.0/keys","level":"info","timestamp":"2021-03-30T05:07:00.240Z"}
{"message":"[http:4547 proto] ::1:49490 => OPTIONS /lm/v1.0/expiryStatus","level":"info","timestamp":"2021-03-30T05:08:15.385Z"}
{"message":"[http:4547 proto] ::1:49491 => OPTIONS /lm/v1.0/feature/licenses","level":"info","timestamp":"2021-03-30T05:08:15.390Z"}
{"message":"[http:4547 proto] ::1:49492 => OPTIONS /lm/v1.0/keys","level":"info","timestamp":"2021-03-30T05:08:15.420Z"}
{"message":"[http:4547 proto] ::1:49558 => OPTIONS /lm/v1.0/expiryStatus","level":"info","timestamp":"2021-03-30T05:09:13.666Z"}
{"message":"[http:4547 proto] ::1:49559 => OPTIONS /lm/v1.0/feature/licenses","level":"info","timestamp":"2021-03-30T05:09:13.672Z"}
{"message":"[http:4547 proto] ::1:49560 => OPTIONS /lm/v1.0/keys","level":"info","timestamp":"2021-03-30T05:09:13.695Z"}
{"message":"[http:4547 proto] ::1:53356 => GET /lm/v1.0/expiryStatus","level":"info","timestamp":"2021-03-30T05:13:20.036Z"}
{"message":"[http:4547 proto] ::1:53357 => GET /lm/v1.0/feature/licenses","level":"info","timestamp":"2021-03-30T05:13:20.040Z"}
{"message":"[http:4547 proto] ::1:53358 => GET /lm/v1.0/keys","level":"info","timestamp":"2021-03-30T05:13:20.057Z"}
{"message":"[http:4547 proto] ::1:54073 => GET /lm/v1.0/feature/licenses/1?licenseType=nodeLocked","level":"info","timestamp":"2021-03-30T05:20:18.460Z"}
{"message":"[http:4547 proto] ::1:54074 => GET /lm/v1.0/feature/licenses/1/settings","level":"info","timestamp":"2021-03-30T05:20:18.470Z"}
{"message":"[http:4547 proto] ::1:54096 => GET /lm/v1.0/expiryStatus","level":"info","timestamp":"2021-03-30T05:20:29.672Z"}
{"message":"[http:4547 proto] ::1:54097 => GET /lm/v1.0/feature/licenses","level":"info","timestamp":"2021-03-30T05:20:29.675Z"}
{"message":"[http:4547 proto] ::1:54098 => GET /lm/v1.0/keys","level":"info","timestamp":"2021-03-30T05:20:29.689Z"}
{"message":"[http:4547 proto] ::1:53357 => GET /lm/v1.0/expiryStatus","level":"info","timestamp":"2021-03-30T06:40:28.234Z"}
{"message":"[http:4547 proto] ::1:53358 => GET /lm/v1.0/feature/licenses","level":"info","timestamp":"2021-03-30T06:40:28.961Z"}
{"message":"[http:4547 proto] ::1:53359 => GET /lm/v1.0/keys","level":"info","timestamp":"2021-03-30T06:40:28.965Z"}
{"message":"[http:4547 proto] ::1:57049 => GET /lm/v1.0/feature/licenses/1?licenseType=nodeLocked","level":"info","timestamp":"2021-03-30T07:03:05.084Z"}
{"message":"[http:4547 proto] ::1:57050 => GET /lm/v1.0/feature/licenses/1/settings","level":"info","timestamp":"2021-03-30T07:03:05.160Z"}
{"message":"[http:4547 proto] ::1:57111 => GET /lm/v1.0/expiryStatus","level":"info","timestamp":"2021-03-30T07:04:45.460Z"}
{"message":"[http:4547 proto] ::1:57112 => GET /lm/v1.0/feature/licenses","level":"info","timestamp":"2021-03-30T07:04:45.501Z"}
{"message":"[http:4547 proto] ::1:57113 => GET /lm/v1.0/keys","level":"info","timestamp":"2021-03-30T07:04:45.547Z"}
{"message":"[http:4547 proto] ::1:57127 => GET /lm/v1.0/feature/licenses/1?licenseType=nodeLocked","level":"info","timestamp":"2021-03-30T07:04:58.469Z"}
{"message":"[http:4547 proto] ::1:57128 => GET /lm/v1.0/feature/licenses/1/settings","level":"info","timestamp":"2021-03-30T07:04:58.475Z"}
{"message":"[http:4547 proto] ::1:62154 => OPTIONS /lm/v1.0/expiryStatus","level":"info","timestamp":"2021-03-30T08:26:27.432Z"}
{"message":"[http:4547 proto] ::1:62155 => OPTIONS /lm/v1.0/feature/licenses","level":"info","timestamp":"2021-03-30T08:26:27.843Z"}
{"message":"[http:4547 proto] ::1:62156 => OPTIONS /lm/v1.0/keys","level":"info","timestamp":"2021-03-30T08:26:27.962Z"}
{"message":"[http:4547 proto] ::1:62629 => GET /lm/v1.0/expiryStatus","level":"info","timestamp":"2021-03-30T08:32:22.876Z"}
{"message":"[http:4547 proto] ::1:62630 => GET /lm/v1.0/feature/licenses","level":"info","timestamp":"2021-03-30T08:32:23.135Z"}
{"message":"[http:4547 proto] ::1:62631 => GET /lm/v1.0/keys","level":"info","timestamp":"2021-03-30T08:32:23.181Z"}
{"message":"[http:4547 proto] ::1:62637 => GET /lm/v1.0/feature/licenses/2/settings","level":"info","timestamp":"2021-03-30T08:32:28.373Z"}
{"message":"[http:4547 proto] ::1:62635 => GET /lm/v1.0/feature/licenses/2/chart/averageusage?epochStart=1616661148334&epochEnd=1617093148352&aggregate=3600","level":"info","timestamp":"2021-03-30T08:32:28.437Z"}
{"message":"[http:4547 proto] ::1:62636 => GET /lm/v1.0/feature/licenses/2?licenseType=domainLocked","level":"info","timestamp":"2021-03-30T08:32:28.539Z"}
{"message":"[http:4547 proto] ::1:62639 => GET /lm/v1.0/feature/licenses/2/chart/tabledata?epochStart=1616661148334&epochEnd=1617093148352&aggregate=3600","level":"info","timestamp":"2021-03-30T08:32:28.646Z"}
{"message":"[http:4547 proto] ::1:62640 => GET /lm/v1.0/feature/licenses/2/chart/peakdata?epochStart=1616661148334&epochEnd=1617093148352&aggregate=3600","level":"info","timestamp":"2021-03-30T08:32:28.652Z"}
{"message":"[http:4547 proto] ::1:62641 => GET /lm/v1.0/feature/licenses/2/chart/tabledata?epochStart=1616661148334&epochEnd=1617093148352&aggregate=3600","level":"info","timestamp":"2021-03-30T08:32:28.660Z"}
{"message":"[http:4547 proto] ::1:62642 => GET /lm/v1.0/feature/licenses/2/chart/peakdata?epochStart=1616661148334&epochEnd=1617093148352&aggregate=3600","level":"info","timestamp":"2021-03-30T08:32:28.666Z"}
{"message":"[http:4547 proto] ::1:62643 => GET /lm/v1.0/feature/licenses/2/chart/chartdata?epochStart=1616661148334&epochEnd=1617093148352&aggregate=3600","level":"info","timestamp":"2021-03-30T08:32:28.788Z"}
{"message":"[http:4547 proto] ::1:52496 => GET /lm/v1.0/expiryStatus","level":"info","timestamp":"2021-03-31T04:53:02.736Z"}
{"message":"[http:4547 proto] ::1:52497 => GET /lm/v1.0/feature/licenses","level":"info","timestamp":"2021-03-31T04:53:03.189Z"}
{"message":"[http:4547 proto] ::1:52498 => GET /lm/v1.0/keys","level":"info","timestamp":"2021-03-31T04:53:03.371Z"}
{"message":"[http:4547 proto] ::1:52507 => GET /lm/v1.0/feature/licenses/1?licenseType=nodeLocked","level":"info","timestamp":"2021-03-31T04:53:07.268Z"}
{"message":"[http:4547 proto] ::1:52508 => GET /lm/v1.0/feature/licenses/1/settings","level":"info","timestamp":"2021-03-31T04:53:07.882Z"}
{"message":"[http:4547 proto] ::1:58662 => GET /lm/v1.0/expiryStatus","level":"info","timestamp":"2021-03-31T07:06:03.174Z"}
{"message":"[http:4547 proto] ::1:58663 => GET /lm/v1.0/feature/licenses","level":"info","timestamp":"2021-03-31T07:06:03.424Z"}
{"message":"[http:4547 proto] ::1:58664 => GET /lm/v1.0/keys","level":"info","timestamp":"2021-03-31T07:06:03.464Z"}
{"message":"[http:4547 proto] ::1:58669 => GET /lm/v1.0/feature/licenses/1?licenseType=nodeLocked","level":"info","timestamp":"2021-03-31T07:06:09.103Z"}
{"message":"[http:4547 proto] ::1:58670 => GET /lm/v1.0/feature/licenses/1/settings","level":"info","timestamp":"2021-03-31T07:06:09.240Z"}
{"message":"[http:4547 proto] ::1:58708 => GET /lm/v1.0/expiryStatus","level":"info","timestamp":"2021-03-31T07:06:26.359Z"}
{"message":"[http:4547 proto] ::1:58709 => GET /lm/v1.0/feature/licenses","level":"info","timestamp":"2021-03-31T07:06:26.363Z"}
{"message":"[http:4547 proto] ::1:58710 => GET /lm/v1.0/keys","level":"info","timestamp":"2021-03-31T07:06:26.368Z"}
{"message":"[http:4547 proto] ::1:59724 => GET /lm/v1.0/expiryStatus","level":"info","timestamp":"2021-03-31T07:26:48.232Z"}
{"message":"[http:4547 proto] ::1:59725 => GET /lm/v1.0/keys","level":"info","timestamp":"2021-03-31T07:26:48.443Z"}
{"message":"[http:4547 proto] ::1:59726 => GET /lm/v1.0/feature/licenses","level":"info","timestamp":"2021-03-31T07:26:48.473Z"}
{"message":"[http:4547 proto] ::1:59735 => GET /lm/v1.0/feature/licenses/1?licenseType=nodeLocked","level":"info","timestamp":"2021-03-31T07:26:56.615Z"}
{"message":"[http:4547 proto] ::1:59736 => GET /lm/v1.0/feature/licenses/1/settings","level":"info","timestamp":"2021-03-31T07:26:56.631Z"}
{"message":"[http:4547 proto] ::1:60015 => GET /lm/v1.0/expiryStatus","level":"info","timestamp":"2021-03-31T07:30:28.015Z"}
{"message":"[http:4547 proto] ::1:60016 => GET /lm/v1.0/feature/licenses","level":"info","timestamp":"2021-03-31T07:30:28.018Z"}
{"message":"[http:4547 proto] ::1:60017 => GET /lm/v1.0/keys","level":"info","timestamp":"2021-03-31T07:30:28.061Z"}
{"message":"[http:4547 proto] ::1:60018 => GET /lm/v1.0/feature/licenses/1?licenseType=nodeLocked","level":"info","timestamp":"2021-03-31T07:30:29.463Z"}
{"message":"[http:4547 proto] ::1:60019 => GET /lm/v1.0/feature/licenses/1/settings","level":"info","timestamp":"2021-03-31T07:30:29.559Z"}
{"message":"[http:4547 proto] ::1:60031 => GET /lm/v1.0/feature/licenses/2/chart/averageusage?epochStart=1616743841776&epochEnd=1617175841776&aggregate=3600","level":"info","timestamp":"2021-03-31T07:30:41.817Z"}
{"message":"[http:4547 proto] ::1:60032 => GET /lm/v1.0/feature/licenses/2?licenseType=domainLocked","level":"info","timestamp":"2021-03-31T07:30:42.108Z"}
{"message":"[http:4547 proto] ::1:60033 => GET /lm/v1.0/feature/licenses/2/settings","level":"info","timestamp":"2021-03-31T07:30:42.161Z"}
{"message":"[http:4547 proto] ::1:60034 => GET /lm/v1.0/feature/licenses/2/chart/tabledata?epochStart=1616743841776&epochEnd=1617175841776&aggregate=3600","level":"info","timestamp":"2021-03-31T07:30:42.233Z"}
{"message":"[http:4547 proto] ::1:60035 => GET /lm/v1.0/feature/licenses/2/chart/peakdata?epochStart=1616743841776&epochEnd=1617175841776&aggregate=3600","level":"info","timestamp":"2021-03-31T07:30:42.312Z"}
{"message":"[http:4547 proto] ::1:60036 => GET /lm/v1.0/feature/licenses/2/chart/chartdata?epochStart=1616743841776&epochEnd=1617175841776&aggregate=3600","level":"info","timestamp":"2021-03-31T07:30:42.373Z"}
{"message":"[http:4547 proto] ::1:60038 => GET /lm/v1.0/feature/licenses/2/chart/tabledata?epochStart=1616743841776&epochEnd=1617175841776&aggregate=3600","level":"info","timestamp":"2021-03-31T07:30:42.448Z"}
{"message":"[http:4547 proto] ::1:60039 => GET /lm/v1.0/feature/licenses/2/chart/peakdata?epochStart=1616743841776&epochEnd=1617175841776&aggregate=3600","level":"info","timestamp":"2021-03-31T07:30:42.466Z"}
{"message":"[http:4547 proto] ::1:60090 => GET /lm/v1.0/feature/licenses/1?licenseType=nodeLocked","level":"info","timestamp":"2021-03-31T07:31:42.500Z"}
{"message":"[http:4547 proto] ::1:60091 => GET /lm/v1.0/feature/licenses/1/settings","level":"info","timestamp":"2021-03-31T07:31:42.507Z"}
{"message":"[http:4547 proto] ::1:60254 => GET /lm/v1.0/feature/licenses/1?licenseType=nodeLocked","level":"info","timestamp":"2021-03-31T07:33:41.243Z"}
{"message":"[http:4547 proto] ::1:60255 => GET /lm/v1.0/feature/licenses/1/settings","level":"info","timestamp":"2021-03-31T07:33:41.249Z"}
{"message":"[http:4547 proto] ::1:57478 => GET /lm/v1.0/feature/licenses/1?licenseType=nodeLocked","level":"info","timestamp":"2021-03-31T10:39:00.637Z"}
{"message":"[http:4547 proto] ::1:57479 => GET /lm/v1.0/feature/licenses/1/settings","level":"info","timestamp":"2021-03-31T10:39:01.384Z"}
{"message":"[http:4547 proto] ::1:57892 => GET /lm/v1.0/feature/licenses/1?licenseType=nodeLocked","level":"info","timestamp":"2021-03-31T10:42:59.754Z"}
{"message":"[http:4547 proto] ::1:57893 => GET /lm/v1.0/feature/licenses/1/settings","level":"info","timestamp":"2021-03-31T10:42:59.848Z"}
{"message":"[http:4547 proto] ::1:58058 => GET /lm/v1.0/expiryStatus","level":"info","timestamp":"2021-03-31T10:44:51.945Z"}
{"message":"[http:4547 proto] ::1:58059 => GET /lm/v1.0/feature/licenses","level":"info","timestamp":"2021-03-31T10:44:52.065Z"}
{"message":"[http:4547 proto] ::1:58060 => GET /lm/v1.0/keys","level":"info","timestamp":"2021-03-31T10:44:52.108Z"}
{"message":"[http:4547 proto] ::1:61616 => GET /lm/v1.0/expiryStatus","level":"info","timestamp":"2021-04-01T01:45:33.395Z"}
{"message":"[http:4547 proto] ::1:61617 => GET /lm/v1.0/feature/licenses","level":"info","timestamp":"2021-04-01T01:45:33.999Z"}
{"message":"[http:4547 proto] ::1:61619 => GET /lm/v1.0/keys","level":"info","timestamp":"2021-04-01T01:45:34.005Z"}
{"message":"[http:4547 proto] ::1:59698 => GET /lm/v1.0/expiryStatus","level":"info","timestamp":"2021-04-01T02:16:17.459Z"}
{"message":"[http:4547 proto] ::1:59699 => GET /lm/v1.0/feature/licenses","level":"info","timestamp":"2021-04-01T02:16:18.025Z"}
{"message":"[http:4547 proto] ::1:59700 => GET /lm/v1.0/keys","level":"info","timestamp":"2021-04-01T02:16:18.226Z"}
{"message":"[http:4547 proto] ::1:59709 => GET /lm/v1.0/feature/licenses/1?licenseType=nodeLocked","level":"info","timestamp":"2021-04-01T02:16:23.099Z"}
{"message":"[http:4547 proto] ::1:59711 => GET /lm/v1.0/feature/licenses/1/settings","level":"info","timestamp":"2021-04-01T02:16:23.359Z"}
{"message":"[http:4547 proto] ::1:59651 => GET /lm/v1.0/feature/licenses/1?licenseType=nodeLocked","level":"info","timestamp":"2021-04-01T03:55:59.078Z"}
{"message":"[http:4547 proto] ::1:59652 => GET /lm/v1.0/feature/licenses/1/settings","level":"info","timestamp":"2021-04-01T03:55:59.565Z"}
{"message":"[http:4547 proto] ::1:60726 => OPTIONS /lm/v1.0/feature/licenses","level":"info","timestamp":"2021-04-01T07:51:42.201Z"}
{"message":"[http:4547 proto] ::1:60727 => OPTIONS /lm/v1.0/keys","level":"info","timestamp":"2021-04-01T07:51:42.492Z"}
